Using pre-set license
Built from '2020.3/release' branch; Version is '2020.3.1f1 (77a89f25062f) revision 7841951'; Using compiler version '192528614'; Build Type 'Release'
OS: 'Windows 10 Pro; OS build 19042.867; Version 2009; 64bit' Language: 'ru' Physical Memory: 15791 MB
BatchMode: 1, IsHumanControllingUs: 0, StartBugReporterOnCrash: 0, Is64bit: 1, IsPro: 0

 COMMAND LINE ARGUMENTS:
C:\Program Files\Unity\Hub\Editor\2020.3.1f1\Editor\Unity.exe
-adb2
-batchMode
-noUpm
-name
AssetImportWorker0
-projectPath
C:/Users/skrib/Desktop/Udemy/Nikitius/Nikitius
-logFile
Logs/AssetImportWorker0.log
-srvPort
52719
Successfully changed project path to: C:/Users/skrib/Desktop/Udemy/Nikitius/Nikitius
C:/Users/skrib/Desktop/Udemy/Nikitius/Nikitius
Using Asset Import Pipeline V2.
Refreshing native plugins compatible for Editor in 24.04 ms, found 0 plugins.
Preloading 0 native plugins for Editor in 0.00 ms.
Initialize engine version: 2020.3.1f1 (77a89f25062f)
[Subsystems] Discovering subsystems at path C:/Program Files/Unity/Hub/Editor/2020.3.1f1/Editor/Data/Resources/UnitySubsystems
[Subsystems] Discovering subsystems at path C:/Users/skrib/Desktop/Udemy/Nikitius/Nikitius/Assets
GfxDevice: creating device client; threaded=0
Direct3D:
    Version:  Direct3D 11.0 [level 11.1]
    Renderer: NVIDIA GeForce GTX 1650 (ID=0x1f99)
    Vendor:   
    VRAM:     3962 MB
    Driver:   27.21.14.6192
Initialize mono
Mono path[0] = 'C:/Program Files/Unity/Hub/Editor/2020.3.1f1/Editor/Data/Managed'
Mono path[1] = 'C:/Program Files/Unity/Hub/Editor/2020.3.1f1/Editor/Data/MonoBleedingEdge/lib/mono/unityjit'
Mono config path = 'C:/Program Files/Unity/Hub/Editor/2020.3.1f1/Editor/Data/MonoBleedingEdge/etc'
Using monoOptions --debugger-agent=transport=dt_socket,embedding=1,server=y,suspend=n,address=127.0.0.1:56944
Begin MonoManager ReloadAssembly
Registering precompiled unity dll's ...
Register platform support module: C:/Program Files/Unity/Hub/Editor/2020.3.1f1/Editor/Data/PlaybackEngines/WebGLSupport/UnityEditor.WebGL.Extensions.dll
Register platform support module: C:/Program Files/Unity/Hub/Editor/2020.3.1f1/Editor/Data/PlaybackEngines/WindowsStandaloneSupport/UnityEditor.WindowsStandalone.Extensions.dll
Registered in 0.001911 seconds.
Native extension for WindowsStandalone target not found
Native extension for WebGL target not found
Refreshing native plugins compatible for Editor in 23.80 ms, found 0 plugins.
Preloading 0 native plugins for Editor in 0.00 ms.
Invoked RoslynAnalysisRunner static constructor.
RoslynAnalysisRunner will not be running.
RoslynAnalysisRunner has terminated.
Mono: successfully reloaded assembly
- Completed reload, in  0.912 seconds
Platform modules already initialized, skipping
Registering precompiled user dll's ...
Registered in 0.000663 seconds.
Begin MonoManager ReloadAssembly
Native extension for WindowsStandalone target not found
Native extension for WebGL target not found
Refreshing native plugins compatible for Editor in 0.26 ms, found 0 plugins.
Preloading 0 native plugins for Editor in 0.00 ms.
Invoked RoslynAnalysisRunner static constructor.
RoslynAnalysisRunner will not be running.
RoslynAnalysisRunner has terminated.
Mono: successfully reloaded assembly
- Completed reload, in  0.685 seconds
Platform modules already initialized, skipping
========================================================================
Worker process is ready to serve import requests
Launched and connected shader compiler UnityShaderCompiler.exe after 0.06 seconds
Refreshing native plugins compatible for Editor in 0.24 ms, found 0 plugins.
Preloading 0 native plugins for Editor in 0.00 ms.
Unloading 1153 Unused Serialized files (Serialized files now loaded: 0)
System memory in use before: 78.6 MB.
System memory in use after: 78.7 MB.

Unloading 9 unused Assets to reduce memory usage. Loaded Objects now: 1624.
Total: 1.876100 ms (FindLiveObjects: 0.255600 ms CreateObjectMapping: 0.084000 ms MarkObjects: 1.440800 ms  DeleteObjects: 0.094100 ms)

========================================================================
Received Import Request.
  path: Assets/Prefabs/ракета.prefab
  artifactKey: Guid(028ba64ab803dc44d8c29e4d20553296) Importer(815301076,1909f56bfc062723c751e8b465ee728b)
Start importing Assets/Prefabs/ракета.prefab using Guid(028ba64ab803dc44d8c29e4d20553296) Importer(815301076,1909f56bfc062723c751e8b465ee728b)  -> (artifact id: '28685403f0c46aa80e31404ee6b3b932') in 0.117120 seconds
  Import took 0.120016 seconds .

========================================================================
Received Import Request.
  Time since last request: 0.000213 seconds.
  path: Assets/Prefabs/Canvas.prefab
  artifactKey: Guid(d5bb82b1582c2cc47987225d282703b7) Importer(815301076,1909f56bfc062723c751e8b465ee728b)
Start importing Assets/Prefabs/Canvas.prefab using Guid(d5bb82b1582c2cc47987225d282703b7) Importer(815301076,1909f56bfc062723c751e8b465ee728b)  -> (artifact id: '6a978cd36ff253c427077fd07f1fca1c') in 0.024121 seconds
  Import took 0.026178 seconds .

========================================================================
Received Prepare
Refreshing native plugins compatible for Editor in 0.66 ms, found 0 plugins.
Preloading 0 native plugins for Editor in 0.00 ms.
Unloading 3 Unused Serialized files (Serialized files now loaded: 0)
System memory in use before: 59.5 MB.
System memory in use after: 59.6 MB.

Unloading 5 unused Assets to reduce memory usage. Loaded Objects now: 1632.
Total: 2.537700 ms (FindLiveObjects: 0.255400 ms CreateObjectMapping: 0.069400 ms MarkObjects: 2.162000 ms  DeleteObjects: 0.048900 ms)

========================================================================
Received Import Request.
  Time since last request: 8.111235 seconds.
  path: Assets/Prefabs/Asteroids/mo2.prefab
  artifactKey: Guid(b749887f3cb87004f8592e41426e83c7) Importer(815301076,1909f56bfc062723c751e8b465ee728b)
Start importing Assets/Prefabs/Asteroids/mo2.prefab using Guid(b749887f3cb87004f8592e41426e83c7) Importer(815301076,1909f56bfc062723c751e8b465ee728b)  -> (artifact id: '947f9628aec51aa5a9a115b5bd872cad') in 0.041554 seconds
  Import took 0.044993 seconds .

========================================================================
Received Import Request.
  Time since last request: 2.166959 seconds.
  path: Assets/Prefabs/Asteroids/mo1.prefab
  artifactKey: Guid(bd0a330ddee9d394697aa9c8ee0e2abb) Importer(815301076,1909f56bfc062723c751e8b465ee728b)
Start importing Assets/Prefabs/Asteroids/mo1.prefab using Guid(bd0a330ddee9d394697aa9c8ee0e2abb) Importer(815301076,1909f56bfc062723c751e8b465ee728b)  -> (artifact id: 'c20c025ac45c847d1395f751c060b901') in 0.061936 seconds
  Import took 0.065821 seconds .

========================================================================
Received Import Request.
  Time since last request: 7.865358 seconds.
  path: Assets/Prefabs/Asteroids/mb2.prefab
  artifactKey: Guid(74b58cd4b50371546b94e003867aaaa3) Importer(815301076,1909f56bfc062723c751e8b465ee728b)
Start importing Assets/Prefabs/Asteroids/mb2.prefab using Guid(74b58cd4b50371546b94e003867aaaa3) Importer(815301076,1909f56bfc062723c751e8b465ee728b)  -> (artifact id: 'e02dfb15630de8250bc5aad312df4962') in 0.029309 seconds
  Import took 0.033019 seconds .

========================================================================
Received Import Request.
  Time since last request: 48.693781 seconds.
  path: Assets/Prefabs/Asteroids/m4.prefab
  artifactKey: Guid(8d228c1ffdfecf04fbf6688b6cfad7a7) Importer(815301076,1909f56bfc062723c751e8b465ee728b)
Start importing Assets/Prefabs/Asteroids/m4.prefab using Guid(8d228c1ffdfecf04fbf6688b6cfad7a7) Importer(815301076,1909f56bfc062723c751e8b465ee728b)  -> (artifact id: '83773455fa743f3d9604f15e45b232ed') in 0.032406 seconds
  Import took 0.036398 seconds .

========================================================================
Received Import Request.
  Time since last request: 0.000224 seconds.
  path: Assets/Prefabs/Asteroids/mb2.prefab
  artifactKey: Guid(74b58cd4b50371546b94e003867aaaa3) Importer(815301076,1909f56bfc062723c751e8b465ee728b)
Start importing Assets/Prefabs/Asteroids/mb2.prefab using Guid(74b58cd4b50371546b94e003867aaaa3) Importer(815301076,1909f56bfc062723c751e8b465ee728b)  -> (artifact id: '5878b65248b704105bb6fed2416576ee') in 0.031974 seconds
  Import took 0.035650 seconds .

========================================================================
Received Import Request.
  Time since last request: 0.000193 seconds.
  path: Assets/Prefabs/Asteroids/mb1.prefab
  artifactKey: Guid(a76c1d9091d541e4881b762be843f9a5) Importer(815301076,1909f56bfc062723c751e8b465ee728b)
Start importing Assets/Prefabs/Asteroids/mb1.prefab using Guid(a76c1d9091d541e4881b762be843f9a5) Importer(815301076,1909f56bfc062723c751e8b465ee728b)  -> (artifact id: 'e88c22ca151abd3bd95e4bb4e6124208') in 0.030594 seconds
  Import took 0.034089 seconds .

========================================================================
Received Prepare
Registering precompiled user dll's ...
Registered in 0.000609 seconds.
Begin MonoManager ReloadAssembly
Native extension for WindowsStandalone target not found
Native extension for WebGL target not found
Refreshing native plugins compatible for Editor in 0.25 ms, found 0 plugins.
Preloading 0 native plugins for Editor in 0.00 ms.
Invoked RoslynAnalysisRunner static constructor.
RoslynAnalysisRunner will not be running.
RoslynAnalysisRunner has terminated.
Mono: successfully reloaded assembly
- Completed reload, in  0.647 seconds
Platform modules already initialized, skipping
Refreshing native plugins compatible for Editor in 0.24 ms, found 0 plugins.
Preloading 0 native plugins for Editor in 0.00 ms.
Unloading 1146 Unused Serialized files (Serialized files now loaded: 0)
System memory in use before: 81.6 MB.
System memory in use after: 81.7 MB.

Unloading 4 unused Assets to reduce memory usage. Loaded Objects now: 1635.
Total: 1.584600 ms (FindLiveObjects: 0.156400 ms CreateObjectMapping: 0.028700 ms MarkObjects: 1.372800 ms  DeleteObjects: 0.025500 ms)

========================================================================
Received Import Request.
  Time since last request: 65.725939 seconds.
  path: Assets/Prefabs/Asteroids/mo2.prefab
  artifactKey: Guid(b749887f3cb87004f8592e41426e83c7) Importer(815301076,1909f56bfc062723c751e8b465ee728b)
Start importing Assets/Prefabs/Asteroids/mo2.prefab using Guid(b749887f3cb87004f8592e41426e83c7) Importer(815301076,1909f56bfc062723c751e8b465ee728b)  -> (artifact id: '56b74fc2abe02b7eb700d07dec3216cf') in 0.093180 seconds
  Import took 0.096711 seconds .

========================================================================
Received Import Request.
  Time since last request: 0.905571 seconds.
  path: Assets/Prefabs/Asteroids/mo1.prefab
  artifactKey: Guid(bd0a330ddee9d394697aa9c8ee0e2abb) Importer(815301076,1909f56bfc062723c751e8b465ee728b)
Start importing Assets/Prefabs/Asteroids/mo1.prefab using Guid(bd0a330ddee9d394697aa9c8ee0e2abb) Importer(815301076,1909f56bfc062723c751e8b465ee728b)  -> (artifact id: 'f847729fe81c3c187cf42aa8d25967da') in 0.032984 seconds
  Import took 0.036927 seconds .

========================================================================
Received Import Request.
  Time since last request: 5.702182 seconds.
  path: Assets/Prefabs/Asteroids/m4.prefab
  artifactKey: Guid(8d228c1ffdfecf04fbf6688b6cfad7a7) Importer(815301076,1909f56bfc062723c751e8b465ee728b)
Start importing Assets/Prefabs/Asteroids/m4.prefab using Guid(8d228c1ffdfecf04fbf6688b6cfad7a7) Importer(815301076,1909f56bfc062723c751e8b465ee728b)  -> (artifact id: 'ca0eb55b23e0f2027b071278f59693f8') in 0.024383 seconds
  Import took 0.027977 seconds .

========================================================================
Received Prepare
Registering precompiled user dll's ...
Registered in 0.000667 seconds.
Begin MonoManager ReloadAssembly
Native extension for WindowsStandalone target not found
Native extension for WebGL target not found
Refreshing native plugins compatible for Editor in 0.24 ms, found 0 plugins.
Preloading 0 native plugins for Editor in 0.00 ms.
Invoked RoslynAnalysisRunner static constructor.
RoslynAnalysisRunner will not be running.
RoslynAnalysisRunner has terminated.
Mono: successfully reloaded assembly
- Completed reload, in  0.635 seconds
Platform modules already initialized, skipping
Refreshing native plugins compatible for Editor in 0.25 ms, found 0 plugins.
Preloading 0 native plugins for Editor in 0.00 ms.
Unloading 1146 Unused Serialized files (Serialized files now loaded: 0)
System memory in use before: 81.6 MB.
System memory in use after: 81.7 MB.

Unloading 4 unused Assets to reduce memory usage. Loaded Objects now: 1639.
Total: 1.747000 ms (FindLiveObjects: 0.337800 ms CreateObjectMapping: 0.083100 ms MarkObjects: 1.308800 ms  DeleteObjects: 0.015700 ms)

========================================================================
Received Prepare
Registering precompiled user dll's ...
Registered in 0.000669 seconds.
Begin MonoManager ReloadAssembly
Native extension for WindowsStandalone target not found
Native extension for WebGL target not found
Refreshing native plugins compatible for Editor in 0.25 ms, found 0 plugins.
Preloading 0 native plugins for Editor in 0.00 ms.
Invoked RoslynAnalysisRunner static constructor.
RoslynAnalysisRunner will not be running.
RoslynAnalysisRunner has terminated.
Mono: successfully reloaded assembly
- Completed reload, in  0.635 seconds
Platform modules already initialized, skipping
Refreshing native plugins compatible for Editor in 0.24 ms, found 0 plugins.
Preloading 0 native plugins for Editor in 0.00 ms.
Unloading 1146 Unused Serialized files (Serialized files now loaded: 0)
System memory in use before: 81.6 MB.
System memory in use after: 81.7 MB.

Unloading 4 unused Assets to reduce memory usage. Loaded Objects now: 1642.
Total: 1.725400 ms (FindLiveObjects: 0.212200 ms CreateObjectMapping: 0.027000 ms MarkObjects: 1.462200 ms  DeleteObjects: 0.021800 ms)

AssetImportWorkerClient::OnTransportError - code=2 error=End of file
