Using pre-set license
Built from '2020.3/release' branch; Version is '2020.3.1f1 (77a89f25062f) revision 7841951'; Using compiler version '192528614'; Build Type 'Release'
OS: 'Windows 10 Pro; OS build 19042.867; Version 2009; 64bit' Language: 'ru' Physical Memory: 15791 MB
BatchMode: 1, IsHumanControllingUs: 0, StartBugReporterOnCrash: 0, Is64bit: 1, IsPro: 0

 COMMAND LINE ARGUMENTS:
C:\Program Files\Unity\Hub\Editor\2020.3.1f1\Editor\Unity.exe
-adb2
-batchMode
-noUpm
-name
AssetImportWorker0
-projectPath
C:/Users/skrib/Desktop/Udemy/Nikitius/Nikitius
-logFile
Logs/AssetImportWorker0.log
-srvPort
49910
Successfully changed project path to: C:/Users/skrib/Desktop/Udemy/Nikitius/Nikitius
C:/Users/skrib/Desktop/Udemy/Nikitius/Nikitius
Using Asset Import Pipeline V2.
Refreshing native plugins compatible for Editor in 23.69 ms, found 0 plugins.
Preloading 0 native plugins for Editor in 0.00 ms.
Initialize engine version: 2020.3.1f1 (77a89f25062f)
[Subsystems] Discovering subsystems at path C:/Program Files/Unity/Hub/Editor/2020.3.1f1/Editor/Data/Resources/UnitySubsystems
[Subsystems] Discovering subsystems at path C:/Users/skrib/Desktop/Udemy/Nikitius/Nikitius/Assets
GfxDevice: creating device client; threaded=0
Direct3D:
    Version:  Direct3D 11.0 [level 11.1]
    Renderer: NVIDIA GeForce GTX 1650 (ID=0x1f99)
    Vendor:   
    VRAM:     3962 MB
    Driver:   27.21.14.6192
Initialize mono
Mono path[0] = 'C:/Program Files/Unity/Hub/Editor/2020.3.1f1/Editor/Data/Managed'
Mono path[1] = 'C:/Program Files/Unity/Hub/Editor/2020.3.1f1/Editor/Data/MonoBleedingEdge/lib/mono/unityjit'
Mono config path = 'C:/Program Files/Unity/Hub/Editor/2020.3.1f1/Editor/Data/MonoBleedingEdge/etc'
Using monoOptions --debugger-agent=transport=dt_socket,embedding=1,server=y,suspend=n,address=127.0.0.1:56216
Begin MonoManager ReloadAssembly
Registering precompiled unity dll's ...
Register platform support module: C:/Program Files/Unity/Hub/Editor/2020.3.1f1/Editor/Data/PlaybackEngines/WebGLSupport/UnityEditor.WebGL.Extensions.dll
Register platform support module: C:/Program Files/Unity/Hub/Editor/2020.3.1f1/Editor/Data/PlaybackEngines/WindowsStandaloneSupport/UnityEditor.WindowsStandalone.Extensions.dll
Registered in 0.001883 seconds.
Native extension for WindowsStandalone target not found
Native extension for WebGL target not found
Refreshing native plugins compatible for Editor in 23.14 ms, found 0 plugins.
Preloading 0 native plugins for Editor in 0.00 ms.
Invoked RoslynAnalysisRunner static constructor.
RoslynAnalysisRunner will not be running.
RoslynAnalysisRunner has terminated.
Mono: successfully reloaded assembly
- Completed reload, in  0.918 seconds
Platform modules already initialized, skipping
Registering precompiled user dll's ...
Registered in 0.000621 seconds.
Begin MonoManager ReloadAssembly
Native extension for WindowsStandalone target not found
Native extension for WebGL target not found
Refreshing native plugins compatible for Editor in 0.26 ms, found 0 plugins.
Preloading 0 native plugins for Editor in 0.00 ms.
Invoked RoslynAnalysisRunner static constructor.
RoslynAnalysisRunner will not be running.
RoslynAnalysisRunner has terminated.
Mono: successfully reloaded assembly
- Completed reload, in  0.687 seconds
Platform modules already initialized, skipping
========================================================================
Worker process is ready to serve import requests
Launched and connected shader compiler UnityShaderCompiler.exe after 0.05 seconds
Refreshing native plugins compatible for Editor in 0.27 ms, found 0 plugins.
Preloading 0 native plugins for Editor in 0.00 ms.
Unloading 1154 Unused Serialized files (Serialized files now loaded: 0)
System memory in use before: 78.7 MB.
System memory in use after: 78.8 MB.

Unloading 9 unused Assets to reduce memory usage. Loaded Objects now: 1625.
Total: 1.747300 ms (FindLiveObjects: 0.245500 ms CreateObjectMapping: 0.047800 ms MarkObjects: 1.363500 ms  DeleteObjects: 0.088100 ms)

========================================================================
Received Import Request.
  path: Assets/Prefabs/New Folder/ракета.fbx
  artifactKey: Guid(a1ba146b30d54a14e99ed637c5f9eb8f) Importer(815301076,1909f56bfc062723c751e8b465ee728b)
Start importing Assets/Prefabs/New Folder/ракета.fbx using Guid(a1ba146b30d54a14e99ed637c5f9eb8f) Importer(815301076,1909f56bfc062723c751e8b465ee728b)  -> (artifact id: '9627733cff189bb2724912de8b29bbf5') in 0.163891 seconds
  Import took 0.166404 seconds .

========================================================================
Received Import Request.
  Time since last request: 0.000275 seconds.
  path: Assets/Prefabs/New Folder/человек.fbx
  artifactKey: Guid(2ad8ac7711c9bec4c91389372ea24045) Importer(815301076,1909f56bfc062723c751e8b465ee728b)
Start importing Assets/Prefabs/New Folder/человек.fbx using Guid(2ad8ac7711c9bec4c91389372ea24045) Importer(815301076,1909f56bfc062723c751e8b465ee728b)  -> (artifact id: '3ff117570b9e3630a61db64f6b6962f6') in 0.107724 seconds
  Import took 0.115458 seconds .

========================================================================
Received Import Request.
  Time since last request: 0.000332 seconds.
  path: Assets/Prefabs/New Folder/asteroids/m4.fbx
  artifactKey: Guid(2d0c55e6bbfa67349a458ffa7abce08e) Importer(815301076,1909f56bfc062723c751e8b465ee728b)
Start importing Assets/Prefabs/New Folder/asteroids/m4.fbx using Guid(2d0c55e6bbfa67349a458ffa7abce08e) Importer(815301076,1909f56bfc062723c751e8b465ee728b)  -> (artifact id: '745a6e9b83b6378bca9ee825e87a992e') in 0.027726 seconds
  Import took 0.029722 seconds .

========================================================================
Received Import Request.
  Time since last request: 0.000167 seconds.
  path: Assets/Prefabs/New Folder/asteroids/mo1.fbx
  artifactKey: Guid(6889248a13b049d44818565f09e318e5) Importer(815301076,1909f56bfc062723c751e8b465ee728b)
Start importing Assets/Prefabs/New Folder/asteroids/mo1.fbx using Guid(6889248a13b049d44818565f09e318e5) Importer(815301076,1909f56bfc062723c751e8b465ee728b)  -> (artifact id: '5b3f714660842b018786a5ad1b2583e4') in 0.027709 seconds
  Import took 0.029705 seconds .

========================================================================
Received Import Request.
  Time since last request: 0.000226 seconds.
  path: Assets/Prefabs/New Folder/asteroids/mo2.fbx
  artifactKey: Guid(646646f0626032941822da5257615cca) Importer(815301076,1909f56bfc062723c751e8b465ee728b)
Start importing Assets/Prefabs/New Folder/asteroids/mo2.fbx using Guid(646646f0626032941822da5257615cca) Importer(815301076,1909f56bfc062723c751e8b465ee728b)  -> (artifact id: 'b0388df452de9da95775653dd39ac7e5') in 0.028759 seconds
  Import took 0.030751 seconds .

========================================================================
Received Import Request.
  Time since last request: 0.000227 seconds.
  path: Assets/Prefabs/New Folder/asteroids/m1.fbx
  artifactKey: Guid(d1981e7e84f690649883b328ecc5da0f) Importer(815301076,1909f56bfc062723c751e8b465ee728b)
Start importing Assets/Prefabs/New Folder/asteroids/m1.fbx using Guid(d1981e7e84f690649883b328ecc5da0f) Importer(815301076,1909f56bfc062723c751e8b465ee728b)  -> (artifact id: '78f0ab30a8164ce867c361d9505b4d70') in 0.030696 seconds
  Import took 0.033261 seconds .

========================================================================
Received Import Request.
  Time since last request: 0.000322 seconds.
  path: Assets/Prefabs/New Folder/земля.fbx
  artifactKey: Guid(84ddbc4dc48d7da478e326789c7fb154) Importer(815301076,1909f56bfc062723c751e8b465ee728b)
Start importing Assets/Prefabs/New Folder/земля.fbx using Guid(84ddbc4dc48d7da478e326789c7fb154) Importer(815301076,1909f56bfc062723c751e8b465ee728b)  -> (artifact id: 'b56e13f872bfeda09bb684b9696ece73') in 0.079847 seconds
  Import took 0.083204 seconds .

========================================================================
Received Import Request.
  Time since last request: 0.000219 seconds.
  path: Assets/Prefabs/New Folder/asteroids/mb1.fbx
  artifactKey: Guid(0f0c4cfe8c786da4987263ed91ab3b7f) Importer(815301076,1909f56bfc062723c751e8b465ee728b)
Start importing Assets/Prefabs/New Folder/asteroids/mb1.fbx using Guid(0f0c4cfe8c786da4987263ed91ab3b7f) Importer(815301076,1909f56bfc062723c751e8b465ee728b)  -> (artifact id: '1c356afa9464bc6574540daa3efd70ae') in 0.039405 seconds
  Import took 0.041541 seconds .

========================================================================
Received Import Request.
  Time since last request: 0.000191 seconds.
  path: Assets/Prefabs/New Folder/asteroids/m2.fbx
  artifactKey: Guid(1c9fb62d031924a49863c6b5f4f6e023) Importer(815301076,1909f56bfc062723c751e8b465ee728b)
Start importing Assets/Prefabs/New Folder/asteroids/m2.fbx using Guid(1c9fb62d031924a49863c6b5f4f6e023) Importer(815301076,1909f56bfc062723c751e8b465ee728b)  -> (artifact id: '3f46521a368197b0b12d0d52e9c0c95d') in 0.026992 seconds
  Import took 0.028951 seconds .

========================================================================
Received Import Request.
  Time since last request: 0.000196 seconds.
  path: Assets/Prefabs/New Folder/asteroids/m5.fbx
  artifactKey: Guid(5ca45d5d302b7a845b74d36a31971c2d) Importer(815301076,1909f56bfc062723c751e8b465ee728b)
Start importing Assets/Prefabs/New Folder/asteroids/m5.fbx using Guid(5ca45d5d302b7a845b74d36a31971c2d) Importer(815301076,1909f56bfc062723c751e8b465ee728b)  -> (artifact id: 'fa5435f5f6fbcbb39a3c5f87d0730598') in 0.026131 seconds
  Import took 0.028294 seconds .

========================================================================
Received Import Request.
  Time since last request: 0.000204 seconds.
  path: Assets/Prefabs/New Folder/asteroids/m3.fbx
  artifactKey: Guid(72d808116f8493f439066f11d28dc1c0) Importer(815301076,1909f56bfc062723c751e8b465ee728b)
Start importing Assets/Prefabs/New Folder/asteroids/m3.fbx using Guid(72d808116f8493f439066f11d28dc1c0) Importer(815301076,1909f56bfc062723c751e8b465ee728b)  -> (artifact id: '37e22870c1d0a39721f5c933a7729ebf') in 0.028675 seconds
  Import took 0.030818 seconds .

========================================================================
Received Import Request.
  Time since last request: 0.000234 seconds.
  path: Assets/Prefabs/New Folder/asteroids
  artifactKey: Guid(3e7f19cb454cc4d469cbe9c35202290f) Importer(815301076,1909f56bfc062723c751e8b465ee728b)
Start importing Assets/Prefabs/New Folder/asteroids using Guid(3e7f19cb454cc4d469cbe9c35202290f) Importer(815301076,1909f56bfc062723c751e8b465ee728b)  -> (artifact id: '7b776691ce7bd12aa46151b4bcfd429f') in 0.009065 seconds
  Import took 0.011041 seconds .

========================================================================
Received Import Request.
  Time since last request: 0.000194 seconds.
  path: Assets/Prefabs/New Folder/марс.fbx
  artifactKey: Guid(7fb1faeba1a6b524a8897ec8b7a3dd6e) Importer(815301076,1909f56bfc062723c751e8b465ee728b)
Start importing Assets/Prefabs/New Folder/марс.fbx using Guid(7fb1faeba1a6b524a8897ec8b7a3dd6e) Importer(815301076,1909f56bfc062723c751e8b465ee728b)  -> (artifact id: 'c0d182b728406aca47f802625c7155d6') in 0.034541 seconds
  Import took 0.036866 seconds .

========================================================================
Received Import Request.
  Time since last request: 0.000210 seconds.
  path: Assets/Prefabs/New Folder/asteroids/mb2.fbx
  artifactKey: Guid(e8a51a1087794644ea9f90c44d9c8a5f) Importer(815301076,1909f56bfc062723c751e8b465ee728b)
Start importing Assets/Prefabs/New Folder/asteroids/mb2.fbx using Guid(e8a51a1087794644ea9f90c44d9c8a5f) Importer(815301076,1909f56bfc062723c751e8b465ee728b)  -> (artifact id: '27723ef3605415a65840773f3729344b') in 0.032495 seconds
  Import took 0.034559 seconds .

========================================================================
Received Import Request.
  Time since last request: 0.000172 seconds.
  path: Assets/Prefabs/New Folder/tesla.fbx
  artifactKey: Guid(a95cce3a2933b0349af9dfc223d27b13) Importer(815301076,1909f56bfc062723c751e8b465ee728b)
Start importing Assets/Prefabs/New Folder/tesla.fbx using Guid(a95cce3a2933b0349af9dfc223d27b13) Importer(815301076,1909f56bfc062723c751e8b465ee728b)  -> (artifact id: '5c3ccf652a2d8433df54898102568fe6') in 0.077039 seconds
  Import took 0.078952 seconds .

========================================================================
Received Prepare
Registering precompiled user dll's ...
Registered in 0.000641 seconds.
Begin MonoManager ReloadAssembly
Native extension for WindowsStandalone target not found
Native extension for WebGL target not found
Refreshing native plugins compatible for Editor in 0.25 ms, found 0 plugins.
Preloading 0 native plugins for Editor in 0.00 ms.
Invoked RoslynAnalysisRunner static constructor.
RoslynAnalysisRunner will not be running.
RoslynAnalysisRunner has terminated.
Mono: successfully reloaded assembly
- Completed reload, in  0.635 seconds
Platform modules already initialized, skipping
Refreshing native plugins compatible for Editor in 0.25 ms, found 0 plugins.
Preloading 0 native plugins for Editor in 0.00 ms.
Unloading 1147 Unused Serialized files (Serialized files now loaded: 0)
System memory in use before: 82.0 MB.
System memory in use after: 82.1 MB.

Unloading 4 unused Assets to reduce memory usage. Loaded Objects now: 1671.
Total: 1.694000 ms (FindLiveObjects: 0.160800 ms CreateObjectMapping: 0.028800 ms MarkObjects: 1.486700 ms  DeleteObjects: 0.016600 ms)

========================================================================
Received Import Request.
  Time since last request: 42.582652 seconds.
  path: Assets/Prefabs/New Folder
  artifactKey: Guid(5116ed071ce2dcc4190bd3d400ee9195) Importer(815301076,1909f56bfc062723c751e8b465ee728b)
Start importing Assets/Prefabs/New Folder using Guid(5116ed071ce2dcc4190bd3d400ee9195) Importer(815301076,1909f56bfc062723c751e8b465ee728b)  -> (artifact id: '17bb4af9c4b6bd271dc66a0066d51e53') in 0.010120 seconds
  Import took 0.012179 seconds .

========================================================================
Received Import Request.
  Time since last request: 24.492155 seconds.
  path: Assets/Prefabs/New Folder/ракета.fbx
  artifactKey: Guid(a1ba146b30d54a14e99ed637c5f9eb8f) Importer(815301076,1909f56bfc062723c751e8b465ee728b)
Start importing Assets/Prefabs/New Folder/ракета.fbx using Guid(a1ba146b30d54a14e99ed637c5f9eb8f) Importer(815301076,1909f56bfc062723c751e8b465ee728b)  -> (artifact id: '64c5206a9a822cbf7ba5112ad880024d') in 0.114850 seconds
  Import took 0.118273 seconds .

========================================================================
Received Prepare
Registering precompiled user dll's ...
Registered in 0.000673 seconds.
Begin MonoManager ReloadAssembly
Native extension for WindowsStandalone target not found
Native extension for WebGL target not found
Refreshing native plugins compatible for Editor in 0.24 ms, found 0 plugins.
Preloading 0 native plugins for Editor in 0.00 ms.
Invoked RoslynAnalysisRunner static constructor.
RoslynAnalysisRunner will not be running.
RoslynAnalysisRunner has terminated.
Mono: successfully reloaded assembly
- Completed reload, in  0.667 seconds
Platform modules already initialized, skipping
Refreshing native plugins compatible for Editor in 0.24 ms, found 0 plugins.
Preloading 0 native plugins for Editor in 0.00 ms.
Unloading 1147 Unused Serialized files (Serialized files now loaded: 0)
System memory in use before: 82.0 MB.
System memory in use after: 82.1 MB.

Unloading 4 unused Assets to reduce memory usage. Loaded Objects now: 1675.
Total: 2.317100 ms (FindLiveObjects: 0.146700 ms CreateObjectMapping: 0.025400 ms MarkObjects: 2.125100 ms  DeleteObjects: 0.018000 ms)

========================================================================
Received Import Request.
  Time since last request: 99.841366 seconds.
  path: Assets/Scenes/Game.unity
  artifactKey: Guid(584bd98e819dcf74fbe89c5e0d55b4ad) Importer(815301076,1909f56bfc062723c751e8b465ee728b)
Start importing Assets/Scenes/Game.unity using Guid(584bd98e819dcf74fbe89c5e0d55b4ad) Importer(815301076,1909f56bfc062723c751e8b465ee728b)  -> (artifact id: 'b3b83ad03a25658c116769805f951bb0') in 0.019217 seconds
  Import took 0.028111 seconds .

========================================================================
Received Import Request.
  Time since last request: 2.123727 seconds.
  path: Assets/Scenes/MainMenu.unity
  artifactKey: Guid(f829c4649cf26e446ab0b2942144b7aa) Importer(815301076,1909f56bfc062723c751e8b465ee728b)
Start importing Assets/Scenes/MainMenu.unity using Guid(f829c4649cf26e446ab0b2942144b7aa) Importer(815301076,1909f56bfc062723c751e8b465ee728b)  -> (artifact id: '50438bcea65f51eb5260114cabdc7d29') in 0.009803 seconds
  Import took 0.011746 seconds .

========================================================================
Received Prepare
Registering precompiled user dll's ...
Registered in 0.001223 seconds.
Begin MonoManager ReloadAssembly
Native extension for WindowsStandalone target not found
Native extension for WebGL target not found
Refreshing native plugins compatible for Editor in 0.46 ms, found 0 plugins.
Preloading 0 native plugins for Editor in 0.00 ms.
Invoked RoslynAnalysisRunner static constructor.
RoslynAnalysisRunner will not be running.
RoslynAnalysisRunner has terminated.
Mono: successfully reloaded assembly
- Completed reload, in  0.684 seconds
Platform modules already initialized, skipping
Refreshing native plugins compatible for Editor in 0.37 ms, found 0 plugins.
Preloading 0 native plugins for Editor in 0.00 ms.
Unloading 1147 Unused Serialized files (Serialized files now loaded: 0)
System memory in use before: 82.0 MB.
System memory in use after: 82.1 MB.

Unloading 4 unused Assets to reduce memory usage. Loaded Objects now: 1678.
Total: 2.648700 ms (FindLiveObjects: 0.268400 ms CreateObjectMapping: 0.030600 ms MarkObjects: 2.319900 ms  DeleteObjects: 0.026800 ms)

========================================================================
Received Prepare
Registering precompiled user dll's ...
Registered in 0.000778 seconds.
Begin MonoManager ReloadAssembly
Native extension for WindowsStandalone target not found
Native extension for WebGL target not found
Refreshing native plugins compatible for Editor in 0.25 ms, found 0 plugins.
Preloading 0 native plugins for Editor in 0.00 ms.
Invoked RoslynAnalysisRunner static constructor.
RoslynAnalysisRunner will not be running.
RoslynAnalysisRunner has terminated.
Mono: successfully reloaded assembly
- Completed reload, in  0.655 seconds
Platform modules already initialized, skipping
Refreshing native plugins compatible for Editor in 0.25 ms, found 0 plugins.
Preloading 0 native plugins for Editor in 0.00 ms.
Unloading 1147 Unused Serialized files (Serialized files now loaded: 0)
System memory in use before: 82.0 MB.
System memory in use after: 82.1 MB.

Unloading 4 unused Assets to reduce memory usage. Loaded Objects now: 1681.
Total: 1.845800 ms (FindLiveObjects: 0.191100 ms CreateObjectMapping: 0.029200 ms MarkObjects: 1.601500 ms  DeleteObjects: 0.022700 ms)

========================================================================
Received Prepare
Registering precompiled user dll's ...
Registered in 0.000623 seconds.
Begin MonoManager ReloadAssembly
Native extension for WindowsStandalone target not found
Native extension for WebGL target not found
Refreshing native plugins compatible for Editor in 0.26 ms, found 0 plugins.
Preloading 0 native plugins for Editor in 0.00 ms.
Invoked RoslynAnalysisRunner static constructor.
RoslynAnalysisRunner will not be running.
RoslynAnalysisRunner has terminated.
Mono: successfully reloaded assembly
- Completed reload, in  0.638 seconds
Platform modules already initialized, skipping
Refreshing native plugins compatible for Editor in 0.25 ms, found 0 plugins.
Preloading 0 native plugins for Editor in 0.00 ms.
Unloading 1147 Unused Serialized files (Serialized files now loaded: 0)
System memory in use before: 82.0 MB.
System memory in use after: 82.1 MB.

Unloading 4 unused Assets to reduce memory usage. Loaded Objects now: 1684.
Total: 1.856900 ms (FindLiveObjects: 0.249600 ms CreateObjectMapping: 0.053500 ms MarkObjects: 1.535200 ms  DeleteObjects: 0.017000 ms)

AssetImportWorkerClient::OnTransportError - code=2 error=End of file
